TN:
SF:src/components/ui/index.ts
FN:1,(anonymous_0)
FN:2,(anonymous_1)
FN:2,(anonymous_2)
FN:2,(anonymous_3)
FN:2,(anonymous_4)
FN:2,(anonymous_5)
FN:2,(anonymous_6)
FN:3,(anonymous_7)
FN:4,(anonymous_8)
FNF:9
FNH:0
FNDA:0,(anonymous_0)
FNDA:0,(anonymous_1)
FNDA:0,(anonymous_2)
FNDA:0,(anonymous_3)
FNDA:0,(anonymous_4)
FNDA:0,(anonymous_5)
FNDA:0,(anonymous_6)
FNDA:0,(anonymous_7)
FNDA:0,(anonymous_8)
DA:1,0
DA:2,0
DA:3,0
DA:4,0
LF:4
LH:0
BRF:0
BRH:0
end_of_record
TN:
SF:src/db/database.types.ts
FNF:0
FNH:0
DA:621,0
LF:1
LH:0
BRF:0
BRH:0
end_of_record
TN:
SF:src/domain/entities/Deck.ts
FN:18,(anonymous_0)
FN:33,(anonymous_1)
FN:46,(anonymous_2)
FN:57,(anonymous_3)
FN:68,(anonymous_4)
FN:79,(anonymous_5)
FN:86,(anonymous_6)
FN:93,(anonymous_7)
FNF:8
FNH:8
FNDA:33,(anonymous_0)
FNDA:3,(anonymous_1)
FNDA:3,(anonymous_2)
FNDA:3,(anonymous_3)
FNDA:2,(anonymous_4)
FNDA:4,(anonymous_5)
FNDA:3,(anonymous_6)
FNDA:2,(anonymous_7)
DA:7,1
DA:19,33
DA:20,33
DA:21,33
DA:22,33
DA:24,33
DA:25,33
DA:26,33
DA:27,33
DA:34,3
DA:47,3
DA:58,3
DA:69,2
DA:80,4
DA:87,3
DA:102,2
LF:16
LH:16
BRDA:26,0,0,33
BRDA:26,0,1,3
BRDA:27,1,0,33
BRDA:27,1,1,2
BRDA:49,2,0,3
BRDA:49,2,1,0
BRDA:60,3,0,3
BRDA:60,3,1,0
BRDA:87,4,0,3
BRDA:87,4,1,2
BRDA:106,5,0,2
BRDA:106,5,1,0
BRF:12
BRH:9
end_of_record
TN:
SF:src/domain/entities/Flashcard.ts
FN:29,(anonymous_0)
FN:57,(anonymous_1)
FN:105,(anonymous_2)
FN:112,(anonymous_3)
FN:120,(anonymous_4)
FN:143,(anonymous_5)
FN:152,(anonymous_6)
FN:161,(anonymous_7)
FN:168,(anonymous_8)
FN:169,(anonymous_9)
FNF:10
FNH:10
FNDA:47,(anonymous_0)
FNDA:12,(anonymous_1)
FNDA:3,(anonymous_2)
FNDA:2,(anonymous_3)
FNDA:5,(anonymous_4)
FNDA:10,(anonymous_5)
FNDA:22,(anonymous_6)
FNDA:4,(anonymous_7)
FNDA:2,(anonymous_8)
FNDA:10,(anonymous_9)
DA:1,1
DA:7,1
DA:30,47
DA:31,47
DA:32,47
DA:33,47
DA:34,47
DA:37,47
DA:38,47
DA:39,47
DA:40,47
DA:43,47
DA:44,47
DA:45,47
DA:46,47
DA:47,47
DA:48,47
DA:49,47
DA:58,12
DA:59,12
DA:60,12
DA:61,12
DA:64,12
DA:66,8
DA:67,2
DA:68,6
DA:69,1
DA:71,5
DA:73,8
DA:76,4
DA:77,4
DA:81,12
DA:84,12
DA:87,12
DA:88,12
DA:90,12
DA:106,3
DA:113,2
DA:114,2
DA:121,5
DA:122,5
DA:125,5
DA:126,5
DA:127,5
DA:129,5
DA:144,10
DA:146,8
DA:147,8
DA:149,8
DA:150,8
DA:152,22
DA:153,8
DA:155,8
DA:162,4
DA:169,10
DA:170,2
LF:56
LH:56
BRDA:37,0,0,47
BRDA:37,0,1,0
BRDA:38,1,0,47
BRDA:38,1,1,25
BRDA:39,2,0,47
BRDA:39,2,1,29
BRDA:40,3,0,47
BRDA:40,3,1,0
BRDA:64,4,0,8
BRDA:64,4,1,4
BRDA:66,5,0,2
BRDA:66,5,1,6
BRDA:68,6,0,1
BRDA:68,6,1,5
BRDA:121,7,0,5
BRDA:121,7,1,4
BRDA:122,8,0,5
BRDA:122,8,1,4
BRDA:144,9,0,2
BRDA:155,10,0,0
BRDA:155,10,1,8
BRDA:162,11,0,4
BRDA:162,11,1,2
BRDA:170,12,0,2
BRDA:170,12,1,1
BRF:25
BRH:22
end_of_record
TN:
SF:src/domain/entities/ReviewSession.ts
FN:17,(anonymous_0)
FN:30,(anonymous_1)
FN:40,(anonymous_2)
FN:50,(anonymous_3)
FN:57,(anonymous_4)
FN:66,(anonymous_5)
FN:74,(anonymous_6)
FN:81,(anonymous_7)
FNF:8
FNH:0
FNDA:0,(anonymous_0)
FNDA:0,(anonymous_1)
FNDA:0,(anonymous_2)
FNDA:0,(anonymous_3)
FNDA:0,(anonymous_4)
FNDA:0,(anonymous_5)
FNDA:0,(anonymous_6)
FNDA:0,(anonymous_7)
DA:7,0
DA:18,0
DA:19,0
DA:20,0
DA:21,0
DA:22,0
DA:23,0
DA:24,0
DA:31,0
DA:41,0
DA:51,0
DA:58,0
DA:59,0
DA:60,0
DA:67,0
DA:68,0
DA:75,0
DA:92,0
LF:18
LH:0
BRDA:58,0,0,0
BRDA:58,0,1,0
BRDA:67,1,0,0
BRF:3
BRH:0
end_of_record
TN:
SF:src/domain/entities/index.ts
FN:1,(anonymous_0)
FN:2,(anonymous_1)
FN:3,(anonymous_2)
FNF:3
FNH:0
FNDA:0,(anonymous_0)
FNDA:0,(anonymous_1)
FNDA:0,(anonymous_2)
DA:1,0
DA:2,0
DA:3,0
LF:3
LH:0
BRF:0
BRH:0
end_of_record
TN:
SF:src/middleware/index.ts
FN:4,(anonymous_0)
FNF:1
FNH:0
FNDA:0,(anonymous_0)
DA:1,0
DA:2,0
DA:4,0
DA:6,0
DA:7,0
DA:12,0
DA:17,0
LF:7
LH:0
BRF:0
BRH:0
end_of_record
TN:
SF:src/pages/api/daily-learning-sessions.ts
FN:5,(anonymous_0)
FNF:1
FNH:0
FNDA:0,(anonymous_0)
DA:2,0
DA:5,0
DA:6,0
DA:12,0
DA:14,0
DA:15,0
DA:27,0
DA:28,0
DA:29,0
DA:31,0
DA:32,0
DA:35,0
DA:36,0
DA:43,0
DA:44,0
DA:56,0
DA:57,0
DA:61,0
DA:62,0
DA:76,0
DA:82,0
DA:83,0
DA:97,0
DA:98,0
DA:105,0
DA:107,0
DA:110,0
DA:116,0
DA:117,0
DA:120,0
DA:137,0
DA:147,0
DA:148,0
DA:149,0
DA:162,0
DA:168,0
DA:169,0
DA:172,0
DA:187,0
DA:188,0
LF:40
LH:0
BRDA:14,0,0,0
BRDA:14,1,0,0
BRDA:14,1,1,0
BRDA:32,2,0,0
BRDA:32,2,1,0
BRDA:35,3,0,0
BRDA:43,4,0,0
BRDA:43,5,0,0
BRDA:43,5,1,0
BRDA:57,6,0,0
BRDA:57,6,1,0
BRDA:61,7,0,0
BRDA:61,8,0,0
BRDA:61,8,1,0
BRDA:61,8,2,0
BRDA:82,9,0,0
BRDA:82,10,0,0
BRDA:82,10,1,0
BRDA:82,10,2,0
BRDA:105,11,0,0
BRDA:105,12,0,0
BRDA:105,12,1,0
BRDA:116,13,0,0
BRDA:124,14,0,0
BRDA:124,14,1,0
BRDA:141,15,0,0
BRDA:141,15,1,0
BRDA:147,16,0,0
BRDA:147,17,0,0
BRDA:147,17,1,0
BRDA:168,18,0,0
BRDA:176,19,0,0
BRDA:176,19,1,0
BRF:33
BRH:0
end_of_record
TN:
SF:src/pages/api/daily-stats.ts
FN:5,(anonymous_0)
FNF:1
FNH:0
FNDA:0,(anonymous_0)
DA:2,0
DA:5,0
DA:6,0
DA:12,0
DA:14,0
DA:15,0
DA:27,0
DA:29,0
DA:35,0
DA:36,0
DA:38,0
DA:59,0
DA:63,0
DA:66,0
DA:67,0
DA:75,0
DA:95,0
DA:96,0
LF:18
LH:0
BRDA:14,0,0,0
BRDA:14,1,0,0
BRDA:14,1,1,0
BRDA:35,2,0,0
BRDA:63,3,0,0
BRDA:63,3,1,0
BRDA:63,4,0,0
BRDA:63,4,1,0
BRDA:78,5,0,0
BRDA:78,5,1,0
BRDA:79,6,0,0
BRDA:79,6,1,0
BRDA:80,7,0,0
BRDA:80,7,1,0
BRDA:81,8,0,0
BRDA:81,8,1,0
BRDA:82,9,0,0
BRDA:82,9,1,0
BRDA:83,10,0,0
BRDA:83,10,1,0
BRDA:84,11,0,0
BRDA:84,11,1,0
BRDA:86,12,0,0
BRDA:86,12,1,0
BRF:24
BRH:0
end_of_record
TN:
SF:src/pages/api/decks.ts
FN:16,(anonymous_0)
FN:66,(anonymous_1)
FN:99,(anonymous_2)
FN:129,(anonymous_3)
FN:193,(anonymous_4)
FN:224,(anonymous_5)
FN:286,(anonymous_6)
FNF:7
FNH:0
FNDA:0,(anonymous_0)
FNDA:0,(anonymous_1)
FNDA:0,(anonymous_2)
FNDA:0,(anonymous_3)
FNDA:0,(anonymous_4)
FNDA:0,(anonymous_5)
FNDA:0,(anonymous_6)
DA:2,0
DA:3,0
DA:6,0
DA:11,0
DA:16,0
DA:17,0
DA:18,0
DA:22,0
DA:24,0
DA:25,0
DA:39,0
DA:50,0
DA:51,0
DA:52,0
DA:66,0
DA:72,0
DA:84,0
DA:85,0
DA:99,0
DA:100,0
DA:101,0
DA:105,0
DA:107,0
DA:108,0
DA:121,0
DA:122,0
DA:124,0
DA:125,0
DA:129,0
DA:138,0
DA:141,0
DA:151,0
DA:152,0
DA:153,0
DA:166,0
DA:178,0
DA:179,0
DA:193,0
DA:194,0
DA:195,0
DA:199,0
DA:201,0
DA:202,0
DA:215,0
DA:216,0
DA:217,0
DA:219,0
DA:220,0
DA:224,0
DA:233,0
DA:244,0
DA:245,0
DA:246,0
DA:259,0
DA:271,0
DA:272,0
DA:286,0
DA:287,0
DA:288,0
DA:292,0
DA:294,0
DA:295,0
DA:308,0
DA:309,0
DA:311,0
DA:312,0
DA:326,0
DA:333,0
DA:334,0
DA:335,0
DA:348,0
DA:349,0
DA:363,0
DA:365,0
DA:366,0
DA:367,0
DA:380,0
DA:392,0
DA:393,0
LF:79
LH:0
BRDA:24,0,0,0
BRDA:24,1,0,0
BRDA:24,1,1,0
BRDA:50,2,0,0
BRDA:69,3,0,0
BRDA:69,3,1,0
BRDA:69,4,0,0
BRDA:69,4,1,0
BRDA:107,5,0,0
BRDA:107,6,0,0
BRDA:107,6,1,0
BRDA:124,7,0,0
BRDA:151,8,0,0
BRDA:201,9,0,0
BRDA:201,10,0,0
BRDA:201,10,1,0
BRDA:219,11,0,0
BRDA:244,12,0,0
BRDA:294,13,0,0
BRDA:294,14,0,0
BRDA:294,14,1,0
BRDA:311,15,0,0
BRDA:333,16,0,0
BRDA:348,17,0,0
BRDA:348,18,0,0
BRDA:348,18,1,0
BRDA:365,19,0,0
BRF:27
BRH:0
end_of_record
TN:
SF:src/pages/api/health.ts
FN:3,(anonymous_0)
FNF:1
FNH:0
FNDA:0,(anonymous_0)
DA:3,0
DA:4,0
LF:2
LH:0
BRF:0
BRH:0
end_of_record
TN:
SF:src/pages/api/learning-lessons.ts
FN:6,(anonymous_0)
FN:52,(anonymous_1)
FN:89,(anonymous_2)
FNF:3
FNH:0
FNDA:0,(anonymous_0)
FNDA:0,(anonymous_1)
FNDA:0,(anonymous_2)
DA:2,0
DA:6,0
DA:7,0
DA:13,0
DA:15,0
DA:16,0
DA:28,0
DA:30,0
DA:36,0
DA:37,0
DA:38,0
DA:51,0
DA:53,0
DA:58,0
DA:65,0
DA:75,0
DA:76,0
DA:89,0
DA:90,0
DA:96,0
DA:98,0
DA:99,0
DA:111,0
DA:112,0
DA:113,0
DA:116,0
DA:117,0
DA:130,0
DA:131,0
DA:145,0
DA:151,0
DA:152,0
DA:165,0
DA:166,0
DA:167,0
DA:181,0
DA:193,0
DA:194,0
DA:195,0
DA:208,0
DA:213,0
DA:226,0
DA:227,0
LF:43
LH:0
BRDA:15,0,0,0
BRDA:15,1,0,0
BRDA:15,1,1,0
BRDA:36,2,0,0
BRDA:52,3,0,0
BRDA:52,3,1,0
BRDA:56,4,0,0
BRDA:56,4,1,0
BRDA:60,5,0,0
BRDA:60,5,1,0
BRDA:98,6,0,0
BRDA:98,7,0,0
BRDA:98,7,1,0
BRDA:116,8,0,0
BRDA:116,9,0,0
BRDA:116,9,1,0
BRDA:116,9,2,0
BRDA:130,10,0,0
BRDA:130,11,0,0
BRDA:130,11,1,0
BRDA:130,11,2,0
BRDA:151,12,0,0
BRDA:151,13,0,0
BRDA:151,13,1,0
BRDA:151,13,2,0
BRDA:165,14,0,0
BRDA:165,14,1,0
BRDA:166,15,0,0
BRDA:166,16,0,0
BRDA:166,16,1,0
BRDA:166,16,2,0
BRDA:186,17,0,0
BRDA:186,17,1,0
BRDA:193,18,0,0
BRDA:217,19,0,0
BRDA:217,19,1,0
BRF:36
BRH:0
end_of_record
TN:
SF:src/pages/api/auth/login.ts
FN:4,(anonymous_0)
FNF:1
FNH:0
FNDA:0,(anonymous_0)
DA:2,0
DA:4,0
DA:5,0
DA:6,0
DA:9,0
DA:10,0
DA:22,0
DA:25,0
DA:30,0
DA:31,0
DA:43,0
DA:60,0
DA:61,0
LF:13
LH:0
BRDA:9,0,0,0
BRDA:9,1,0,0
BRDA:9,1,1,0
BRDA:30,2,0,0
BRF:4
BRH:0
end_of_record
TN:
SF:src/pages/api/auth/logout.ts
FN:4,(anonymous_0)
FNF:1
FNH:0
FNDA:0,(anonymous_0)
DA:2,0
DA:4,0
DA:5,0
DA:6,0
DA:9,0
DA:11,0
DA:12,0
DA:24,0
DA:34,0
DA:35,0
LF:10
LH:0
BRDA:11,0,0,0
BRF:1
BRH:0
end_of_record
TN:
SF:src/pages/api/auth/signup.ts
FN:4,(anonymous_0)
FNF:1
FNH:0
FNDA:0,(anonymous_0)
DA:2,0
DA:4,0
DA:5,0
DA:6,0
DA:9,0
DA:10,0
DA:23,0
DA:24,0
DA:25,0
DA:38,0
DA:39,0
DA:51,0
DA:52,0
DA:65,0
DA:68,0
DA:76,0
DA:77,0
DA:89,0
DA:106,0
DA:107,0
LF:20
LH:0
BRDA:9,0,0,0
BRDA:9,1,0,0
BRDA:9,1,1,0
BRDA:24,2,0,0
BRDA:38,3,0,0
BRDA:51,4,0,0
BRDA:76,5,0,0
BRF:7
BRH:0
end_of_record
TN:
SF:src/pages/api/flashcards/[...action].ts
FN:29,(anonymous_0)
FN:155,(anonymous_1)
FN:191,(anonymous_2)
FN:226,(anonymous_3)
FN:283,(anonymous_4)
FN:386,(anonymous_5)
FN:420,(anonymous_6)
FN:530,(anonymous_7)
FN:592,(anonymous_8)
FNF:9
FNH:0
FNDA:0,(anonymous_0)
FNDA:0,(anonymous_1)
FNDA:0,(anonymous_2)
FNDA:0,(anonymous_3)
FNDA:0,(anonymous_4)
FNDA:0,(anonymous_5)
FNDA:0,(anonymous_6)
FNDA:0,(anonymous_7)
FNDA:0,(anonymous_8)
DA:2,0
DA:3,0
DA:6,0
DA:16,0
DA:20,0
DA:25,0
DA:29,0
DA:30,0
DA:31,0
DA:35,0
DA:37,0
DA:38,0
DA:51,0
DA:53,0
DA:55,0
DA:57,0
DA:64,0
DA:65,0
DA:68,0
DA:70,0
DA:71,0
DA:72,0
DA:85,0
DA:99,0
DA:101,0
DA:107,0
DA:108,0
DA:111,0
DA:113,0
DA:114,0
DA:115,0
DA:128,0
DA:140,0
DA:141,0
DA:155,0
DA:156,0
DA:157,0
DA:161,0
DA:163,0
DA:164,0
DA:177,0
DA:180,0
DA:182,0
DA:184,0
DA:186,0
DA:187,0
DA:191,0
DA:200,0
DA:203,0
DA:204,0
DA:211,0
DA:212,0
DA:226,0
DA:242,0
DA:247,0
DA:248,0
DA:249,0
DA:262,0
DA:276,0
DA:278,0
DA:279,0
DA:283,0
DA:300,0
DA:303,0
DA:310,0
DA:311,0
DA:325,0
DA:344,0
DA:345,0
DA:346,0
DA:359,0
DA:371,0
DA:372,0
DA:386,0
DA:387,0
DA:388,0
DA:392,0
DA:394,0
DA:395,0
DA:408,0
DA:409,0
DA:411,0
DA:413,0
DA:415,0
DA:416,0
DA:420,0
DA:429,0
DA:432,0
DA:439,0
DA:440,0
DA:454,0
DA:456,0
DA:457,0
DA:458,0
DA:459,0
DA:460,0
DA:462,0
DA:464,0
DA:466,0
DA:467,0
DA:470,0
DA:471,0
DA:473,0
DA:474,0
DA:477,0
DA:493,0
DA:494,0
DA:495,0
DA:508,0
DA:522,0
DA:523,0
DA:525,0
DA:526,0
DA:530,0
DA:539,0
DA:550,0
DA:551,0
DA:552,0
DA:565,0
DA:577,0
DA:578,0
DA:592,0
DA:593,0
DA:594,0
DA:598,0
DA:600,0
DA:601,0
DA:614,0
DA:615,0
DA:617,0
DA:618,0
DA:631,0
DA:637,0
DA:638,0
DA:639,0
DA:652,0
DA:664,0
DA:665,0
LF:138
LH:0
BRDA:37,0,0,0
BRDA:37,1,0,0
BRDA:37,1,1,0
BRDA:53,2,0,0
BRDA:64,3,0,0
BRDA:70,4,0,0
BRDA:107,5,0,0
BRDA:113,6,0,0
BRDA:163,7,0,0
BRDA:163,8,0,0
BRDA:163,8,1,0
BRDA:180,9,0,0
BRDA:180,9,1,0
BRDA:182,10,0,0
BRDA:186,11,0,0
BRDA:211,12,0,0
BRDA:211,13,0,0
BRDA:211,13,1,0
BRDA:234,14,0,0
BRDA:234,14,1,0
BRDA:247,15,0,0
BRDA:278,16,0,0
BRDA:310,17,0,0
BRDA:310,18,0,0
BRDA:310,18,1,0
BRDA:335,19,0,0
BRDA:335,19,1,0
BRDA:344,20,0,0
BRDA:394,21,0,0
BRDA:394,22,0,0
BRDA:394,22,1,0
BRDA:411,23,0,0
BRDA:415,24,0,0
BRDA:439,25,0,0
BRDA:439,26,0,0
BRDA:439,26,1,0
BRDA:456,27,0,0
BRDA:456,27,1,0
BRDA:457,28,0,0
BRDA:457,28,1,0
BRDA:459,29,0,0
BRDA:459,29,1,0
BRDA:493,30,0,0
BRDA:525,31,0,0
BRDA:550,32,0,0
BRDA:600,33,0,0
BRDA:600,34,0,0
BRDA:600,34,1,0
BRDA:617,35,0,0
BRDA:637,36,0,0
BRF:50
BRH:0
end_of_record
TN:
SF:src/pages/api/learning-lessons/[id].ts
FN:8,(anonymous_0)
FN:99,(anonymous_1)
FN:277,(anonymous_2)
FNF:3
FNH:0
FNDA:0,(anonymous_0)
FNDA:0,(anonymous_1)
FNDA:0,(anonymous_2)
DA:2,0
DA:8,0
DA:9,0
DA:15,0
DA:17,0
DA:18,0
DA:30,0
DA:32,0
DA:33,0
DA:45,0
DA:46,0
DA:53,0
DA:54,0
DA:67,0
DA:72,0
DA:85,0
DA:86,0
DA:99,0
DA:100,0
DA:106,0
DA:108,0
DA:109,0
DA:121,0
DA:123,0
DA:124,0
DA:136,0
DA:137,0
DA:138,0
DA:141,0
DA:145,0
DA:146,0
DA:147,0
DA:158,0
DA:161,0
DA:162,0
DA:165,0
DA:166,0
DA:167,0
DA:180,0
DA:186,0
DA:187,0
DA:199,0
DA:202,0
DA:203,0
DA:208,0
DA:219,0
DA:223,0
DA:231,0
DA:232,0
DA:245,0
DA:250,0
DA:263,0
DA:264,0
DA:277,0
DA:278,0
DA:284,0
DA:286,0
DA:287,0
DA:299,0
DA:301,0
DA:302,0
DA:314,0
DA:315,0
DA:321,0
DA:322,0
DA:323,0
DA:335,0
DA:339,0
DA:340,0
LF:69
LH:0
BRDA:17,0,0,0
BRDA:17,1,0,0
BRDA:17,1,1,0
BRDA:32,2,0,0
BRDA:53,3,0,0
BRDA:53,4,0,0
BRDA:53,4,1,0
BRDA:70,5,0,0
BRDA:70,5,1,0
BRDA:76,6,0,0
BRDA:76,6,1,0
BRDA:108,7,0,0
BRDA:108,8,0,0
BRDA:108,8,1,0
BRDA:123,9,0,0
BRDA:145,10,0,0
BRDA:146,11,0,0
BRDA:146,12,0,0
BRDA:146,12,1,0
BRDA:161,13,0,0
BRDA:162,14,0,0
BRDA:162,14,1,0
BRDA:165,15,0,0
BRDA:166,16,0,0
BRDA:166,17,0,0
BRDA:166,17,1,0
BRDA:186,18,0,0
BRDA:186,19,0,0
BRDA:186,19,1,0
BRDA:186,19,2,0
BRDA:202,20,0,0
BRDA:203,21,0,0
BRDA:204,22,0,0
BRDA:204,22,1,0
BRDA:204,22,2,0
BRDA:231,23,0,0
BRDA:231,24,0,0
BRDA:231,24,1,0
BRDA:248,25,0,0
BRDA:248,25,1,0
BRDA:254,26,0,0
BRDA:254,26,1,0
BRDA:286,27,0,0
BRDA:286,28,0,0
BRDA:286,28,1,0
BRDA:301,29,0,0
BRDA:321,30,0,0
BRF:47
BRH:0
end_of_record
TN:
SF:src/shared/types/index.ts
FNF:0
FNH:0
DA:82,1
LF:1
LH:1
BRF:0
BRH:0
end_of_record
TN:
SF:src/shared/utils/cn.ts
FN:4,cn
FNF:1
FNH:0
FNDA:0,cn
DA:1,0
DA:2,0
DA:4,0
DA:5,0
LF:4
LH:0
BRF:0
BRH:0
end_of_record
TN:
SF:src/stores/auth-store.ts
FN:25,(anonymous_0)
FN:33,(anonymous_1)
FN:34,(anonymous_2)
FN:47,(anonymous_3)
FN:48,(anonymous_4)
FN:53,(anonymous_5)
FN:54,(anonymous_6)
FN:59,(anonymous_7)
FN:60,(anonymous_8)
FN:68,(anonymous_9)
FN:78,(anonymous_10)
FN:79,(anonymous_11)
FN:89,(anonymous_12)
FN:89,(anonymous_13)
FN:90,(anonymous_14)
FN:90,(anonymous_15)
FN:91,(anonymous_16)
FN:91,(anonymous_17)
FN:92,(anonymous_18)
FN:92,(anonymous_19)
FNF:20
FNH:0
FNDA:0,(anonymous_0)
FNDA:0,(anonymous_1)
FNDA:0,(anonymous_2)
FNDA:0,(anonymous_3)
FNDA:0,(anonymous_4)
FNDA:0,(anonymous_5)
FNDA:0,(anonymous_6)
FNDA:0,(anonymous_7)
FNDA:0,(anonymous_8)
FNDA:0,(anonymous_9)
FNDA:0,(anonymous_10)
FNDA:0,(anonymous_11)
FNDA:0,(anonymous_12)
FNDA:0,(anonymous_13)
FNDA:0,(anonymous_14)
FNDA:0,(anonymous_15)
FNDA:0,(anonymous_16)
FNDA:0,(anonymous_17)
FNDA:0,(anonymous_18)
FNDA:0,(anonymous_19)
DA:1,0
DA:2,0
DA:3,0
DA:23,0
DA:25,0
DA:34,0
DA:35,0
DA:36,0
DA:37,0
DA:39,0
DA:40,0
DA:41,0
DA:42,0
DA:48,0
DA:49,0
DA:54,0
DA:55,0
DA:60,0
DA:61,0
DA:62,0
DA:63,0
DA:64,0
DA:69,0
DA:70,0
DA:71,0
DA:73,0
DA:78,0
DA:79,0
DA:89,0
DA:90,0
DA:91,0
DA:92,0
LF:32
LH:0
BRDA:39,0,0,0
BRDA:70,1,0,0
BRDA:70,2,0,0
BRDA:70,2,1,0
BRF:4
BRH:0
end_of_record
TN:
SF:src/stores/deck-store.ts
FN:33,(anonymous_0)
FN:41,(anonymous_1)
FN:42,(anonymous_2)
FN:43,(anonymous_3)
FN:48,(anonymous_4)
FN:49,(anonymous_5)
FN:54,(anonymous_6)
FN:55,(anonymous_7)
FN:56,(anonymous_8)
FN:70,(anonymous_9)
FN:71,(anonymous_10)
FN:72,(anonymous_11)
FN:80,(anonymous_12)
FN:81,(anonymous_13)
FN:86,(anonymous_14)
FN:87,(anonymous_15)
FN:88,(anonymous_16)
FN:95,(anonymous_17)
FN:96,(anonymous_18)
FN:97,(anonymous_19)
FN:104,(anonymous_20)
FN:105,(anonymous_21)
FN:106,(anonymous_22)
FN:113,(anonymous_23)
FN:114,(anonymous_24)
FN:119,(anonymous_25)
FN:120,(anonymous_26)
FN:126,(anonymous_27)
FN:128,(anonymous_28)
FN:131,(anonymous_29)
FN:133,(anonymous_30)
FN:136,(anonymous_31)
FN:138,(anonymous_32)
FN:141,(anonymous_33)
FN:142,(anonymous_34)
FN:153,(anonymous_35)
FN:153,(anonymous_36)
FN:154,(anonymous_37)
FN:154,(anonymous_38)
FN:155,(anonymous_39)
FN:155,(anonymous_40)
FN:156,(anonymous_41)
FN:156,(anonymous_42)
FN:157,(anonymous_43)
FN:157,(anonymous_44)
FN:158,(anonymous_45)
FN:158,(anonymous_46)
FN:159,(anonymous_47)
FN:159,(anonymous_48)
FNF:49
FNH:0
FNDA:0,(anonymous_0)
FNDA:0,(anonymous_1)
FNDA:0,(anonymous_2)
FNDA:0,(anonymous_3)
FNDA:0,(anonymous_4)
FNDA:0,(anonymous_5)
FNDA:0,(anonymous_6)
FNDA:0,(anonymous_7)
FNDA:0,(anonymous_8)
FNDA:0,(anonymous_9)
FNDA:0,(anonymous_10)
FNDA:0,(anonymous_11)
FNDA:0,(anonymous_12)
FNDA:0,(anonymous_13)
FNDA:0,(anonymous_14)
FNDA:0,(anonymous_15)
FNDA:0,(anonymous_16)
FNDA:0,(anonymous_17)
FNDA:0,(anonymous_18)
FNDA:0,(anonymous_19)
FNDA:0,(anonymous_20)
FNDA:0,(anonymous_21)
FNDA:0,(anonymous_22)
FNDA:0,(anonymous_23)
FNDA:0,(anonymous_24)
FNDA:0,(anonymous_25)
FNDA:0,(anonymous_26)
FNDA:0,(anonymous_27)
FNDA:0,(anonymous_28)
FNDA:0,(anonymous_29)
FNDA:0,(anonymous_30)
FNDA:0,(anonymous_31)
FNDA:0,(anonymous_32)
FNDA:0,(anonymous_33)
FNDA:0,(anonymous_34)
FNDA:0,(anonymous_35)
FNDA:0,(anonymous_36)
FNDA:0,(anonymous_37)
FNDA:0,(anonymous_38)
FNDA:0,(anonymous_39)
FNDA:0,(anonymous_40)
FNDA:0,(anonymous_41)
FNDA:0,(anonymous_42)
FNDA:0,(anonymous_43)
FNDA:0,(anonymous_44)
FNDA:0,(anonymous_45)
FNDA:0,(anonymous_46)
FNDA:0,(anonymous_47)
FNDA:0,(anonymous_48)
DA:1,0
DA:2,0
DA:3,0
DA:32,0
DA:33,0
DA:42,0
DA:43,0
DA:44,0
DA:49,0
DA:50,0
DA:55,0
DA:56,0
DA:57,0
DA:58,0
DA:59,0
DA:60,0
DA:63,0
DA:64,0
DA:71,0
DA:72,0
DA:74,0
DA:75,0
DA:81,0
DA:82,0
DA:87,0
DA:88,0
DA:89,0
DA:90,0
DA:96,0
DA:97,0
DA:98,0
DA:99,0
DA:105,0
DA:106,0
DA:107,0
DA:108,0
DA:114,0
DA:115,0
DA:120,0
DA:121,0
DA:122,0
DA:127,0
DA:128,0
DA:132,0
DA:133,0
DA:137,0
DA:138,0
DA:142,0
DA:143,0
DA:144,0
DA:145,0
DA:146,0
DA:153,0
DA:154,0
DA:155,0
DA:156,0
DA:157,0
DA:158,0
DA:159,0
LF:59
LH:0
BRDA:57,0,0,0
BRDA:63,1,0,0
BRDA:74,2,0,0
BRDA:89,3,0,0
BRDA:98,4,0,0
BRDA:107,5,0,0
BRF:6
BRH:0
end_of_record
TN:
SF:src/stores/flashcard-store.ts
FN:30,(anonymous_0)
FN:38,(anonymous_1)
FN:39,(anonymous_2)
FN:40,(anonymous_3)
FN:45,(anonymous_4)
FN:46,(anonymous_5)
FN:51,(anonymous_6)
FN:52,(anonymous_7)
FN:53,(anonymous_8)
FN:67,(anonymous_9)
FN:68,(anonymous_10)
FN:69,(anonymous_11)
FN:77,(anonymous_12)
FN:78,(anonymous_13)
FN:83,(anonymous_14)
FN:84,(anonymous_15)
FN:85,(anonymous_16)
FN:99,(anonymous_17)
FN:100,(anonymous_18)
FN:105,(anonymous_19)
FN:106,(anonymous_20)
FN:112,(anonymous_21)
FN:115,(anonymous_22)
FN:121,(anonymous_23)
FN:123,(anonymous_24)
FN:126,(anonymous_25)
FN:127,(anonymous_26)
FN:138,(anonymous_27)
FN:138,(anonymous_28)
FN:139,(anonymous_29)
FN:139,(anonymous_30)
FN:140,(anonymous_31)
FN:140,(anonymous_32)
FN:141,(anonymous_33)
FN:141,(anonymous_34)
FN:142,(anonymous_35)
FN:142,(anonymous_36)
FN:143,(anonymous_37)
FN:143,(anonymous_38)
FNF:39
FNH:0
FNDA:0,(anonymous_0)
FNDA:0,(anonymous_1)
FNDA:0,(anonymous_2)
FNDA:0,(anonymous_3)
FNDA:0,(anonymous_4)
FNDA:0,(anonymous_5)
FNDA:0,(anonymous_6)
FNDA:0,(anonymous_7)
FNDA:0,(anonymous_8)
FNDA:0,(anonymous_9)
FNDA:0,(anonymous_10)
FNDA:0,(anonymous_11)
FNDA:0,(anonymous_12)
FNDA:0,(anonymous_13)
FNDA:0,(anonymous_14)
FNDA:0,(anonymous_15)
FNDA:0,(anonymous_16)
FNDA:0,(anonymous_17)
FNDA:0,(anonymous_18)
FNDA:0,(anonymous_19)
FNDA:0,(anonymous_20)
FNDA:0,(anonymous_21)
FNDA:0,(anonymous_22)
FNDA:0,(anonymous_23)
FNDA:0,(anonymous_24)
FNDA:0,(anonymous_25)
FNDA:0,(anonymous_26)
FNDA:0,(anonymous_27)
FNDA:0,(anonymous_28)
FNDA:0,(anonymous_29)
FNDA:0,(anonymous_30)
FNDA:0,(anonymous_31)
FNDA:0,(anonymous_32)
FNDA:0,(anonymous_33)
FNDA:0,(anonymous_34)
FNDA:0,(anonymous_35)
FNDA:0,(anonymous_36)
FNDA:0,(anonymous_37)
FNDA:0,(anonymous_38)
DA:1,0
DA:2,0
DA:3,0
DA:29,0
DA:30,0
DA:39,0
DA:40,0
DA:41,0
DA:46,0
DA:47,0
DA:52,0
DA:53,0
DA:54,0
DA:55,0
DA:56,0
DA:57,0
DA:60,0
DA:61,0
DA:68,0
DA:69,0
DA:71,0
DA:72,0
DA:78,0
DA:79,0
DA:84,0
DA:85,0
DA:86,0
DA:87,0
DA:88,0
DA:89,0
DA:92,0
DA:93,0
DA:100,0
DA:101,0
DA:106,0
DA:107,0
DA:108,0
DA:113,0
DA:114,0
DA:115,0
DA:116,0
DA:117,0
DA:122,0
DA:123,0
DA:127,0
DA:128,0
DA:129,0
DA:130,0
DA:131,0
DA:138,0
DA:139,0
DA:140,0
DA:141,0
DA:142,0
DA:143,0
LF:55
LH:0
BRDA:54,0,0,0
BRDA:60,1,0,0
BRDA:71,2,0,0
BRDA:86,3,0,0
BRDA:92,4,0,0
BRDA:116,5,0,0
BRDA:116,6,0,0
BRDA:116,6,1,0
BRF:8
BRH:0
end_of_record
TN:
SF:src/stores/index.ts
FN:2,(anonymous_0)
FN:2,(anonymous_1)
FN:2,(anonymous_2)
FN:2,(anonymous_3)
FN:2,(anonymous_4)
FN:6,(anonymous_5)
FN:7,(anonymous_6)
FN:8,(anonymous_7)
FN:9,(anonymous_8)
FN:10,(anonymous_9)
FN:11,(anonymous_10)
FN:12,(anonymous_11)
FN:17,(anonymous_12)
FN:18,(anonymous_13)
FN:19,(anonymous_14)
FN:20,(anonymous_15)
FN:21,(anonymous_16)
FN:22,(anonymous_17)
FN:23,(anonymous_18)
FN:24,(anonymous_19)
FN:29,(anonymous_20)
FN:30,(anonymous_21)
FN:31,(anonymous_22)
FN:32,(anonymous_23)
FN:33,(anonymous_24)
FN:34,(anonymous_25)
FN:35,(anonymous_26)
FN:36,(anonymous_27)
FNF:28
FNH:0
FNDA:0,(anonymous_0)
FNDA:0,(anonymous_1)
FNDA:0,(anonymous_2)
FNDA:0,(anonymous_3)
FNDA:0,(anonymous_4)
FNDA:0,(anonymous_5)
FNDA:0,(anonymous_6)
FNDA:0,(anonymous_7)
FNDA:0,(anonymous_8)
FNDA:0,(anonymous_9)
FNDA:0,(anonymous_10)
FNDA:0,(anonymous_11)
FNDA:0,(anonymous_12)
FNDA:0,(anonymous_13)
FNDA:0,(anonymous_14)
FNDA:0,(anonymous_15)
FNDA:0,(anonymous_16)
FNDA:0,(anonymous_17)
FNDA:0,(anonymous_18)
FNDA:0,(anonymous_19)
FNDA:0,(anonymous_20)
FNDA:0,(anonymous_21)
FNDA:0,(anonymous_22)
FNDA:0,(anonymous_23)
FNDA:0,(anonymous_24)
FNDA:0,(anonymous_25)
FNDA:0,(anonymous_26)
FNDA:0,(anonymous_27)
DA:2,0
DA:5,0
DA:6,0
DA:7,0
DA:8,0
DA:9,0
DA:10,0
DA:11,0
DA:12,0
DA:16,0
DA:17,0
DA:18,0
DA:19,0
DA:20,0
DA:21,0
DA:22,0
DA:23,0
DA:24,0
DA:28,0
DA:29,0
DA:30,0
DA:31,0
DA:32,0
DA:33,0
DA:34,0
DA:35,0
DA:36,0
LF:27
LH:0
BRF:0
BRH:0
end_of_record
TN:
SF:src/stores/review-session-store.ts
FN:35,(anonymous_0)
FN:43,(anonymous_1)
FN:44,(anonymous_2)
FN:50,(anonymous_3)
FN:51,(anonymous_4)
FN:60,(anonymous_5)
FN:61,(anonymous_6)
FN:68,(anonymous_7)
FN:69,(anonymous_8)
FN:74,(anonymous_9)
FN:75,(anonymous_10)
FN:76,(anonymous_11)
FN:81,(anonymous_12)
FN:82,(anonymous_13)
FN:87,(anonymous_14)
FN:88,(anonymous_15)
FN:94,(anonymous_16)
FN:96,(anonymous_17)
FN:99,(anonymous_18)
FN:101,(anonymous_19)
FN:104,(anonymous_20)
FN:117,(anonymous_21)
FN:118,(anonymous_22)
FN:119,(anonymous_23)
FN:129,(anonymous_24)
FN:130,(anonymous_25)
FN:141,(anonymous_26)
FN:141,(anonymous_27)
FN:142,(anonymous_28)
FN:142,(anonymous_29)
FN:143,(anonymous_30)
FN:143,(anonymous_31)
FN:144,(anonymous_32)
FN:144,(anonymous_33)
FN:145,(anonymous_34)
FN:145,(anonymous_35)
FN:146,(anonymous_36)
FN:146,(anonymous_37)
FN:147,(anonymous_38)
FN:147,(anonymous_39)
FNF:40
FNH:0
FNDA:0,(anonymous_0)
FNDA:0,(anonymous_1)
FNDA:0,(anonymous_2)
FNDA:0,(anonymous_3)
FNDA:0,(anonymous_4)
FNDA:0,(anonymous_5)
FNDA:0,(anonymous_6)
FNDA:0,(anonymous_7)
FNDA:0,(anonymous_8)
FNDA:0,(anonymous_9)
FNDA:0,(anonymous_10)
FNDA:0,(anonymous_11)
FNDA:0,(anonymous_12)
FNDA:0,(anonymous_13)
FNDA:0,(anonymous_14)
FNDA:0,(anonymous_15)
FNDA:0,(anonymous_16)
FNDA:0,(anonymous_17)
FNDA:0,(anonymous_18)
FNDA:0,(anonymous_19)
FNDA:0,(anonymous_20)
FNDA:0,(anonymous_21)
FNDA:0,(anonymous_22)
FNDA:0,(anonymous_23)
FNDA:0,(anonymous_24)
FNDA:0,(anonymous_25)
FNDA:0,(anonymous_26)
FNDA:0,(anonymous_27)
FNDA:0,(anonymous_28)
FNDA:0,(anonymous_29)
FNDA:0,(anonymous_30)
FNDA:0,(anonymous_31)
FNDA:0,(anonymous_32)
FNDA:0,(anonymous_33)
FNDA:0,(anonymous_34)
FNDA:0,(anonymous_35)
FNDA:0,(anonymous_36)
FNDA:0,(anonymous_37)
FNDA:0,(anonymous_38)
FNDA:0,(anonymous_39)
DA:1,0
DA:2,0
DA:3,0
DA:34,0
DA:35,0
DA:44,0
DA:45,0
DA:46,0
DA:51,0
DA:52,0
DA:53,0
DA:54,0
DA:55,0
DA:61,0
DA:62,0
DA:63,0
DA:69,0
DA:70,0
DA:75,0
DA:76,0
DA:77,0
DA:82,0
DA:83,0
DA:88,0
DA:89,0
DA:90,0
DA:95,0
DA:96,0
DA:100,0
DA:101,0
DA:105,0
DA:106,0
DA:108,0
DA:109,0
DA:117,0
DA:118,0
DA:119,0
DA:121,0
DA:130,0
DA:131,0
DA:132,0
DA:133,0
DA:134,0
DA:141,0
DA:142,0
DA:143,0
DA:144,0
DA:145,0
DA:146,0
DA:147,0
LF:50
LH:0
BRDA:52,0,0,0
BRDA:62,1,0,0
BRDA:108,2,0,0
BRF:3
BRH:0
end_of_record
